<?xml version="1.0" encoding="UTF-8"?>
<!-- Generated by org.testng.reporters.JUnitReportReporter -->
<testsuite hostname="LAPTOP-HP3742QA" failures="0" tests="3" name="com.crm.qa.testcases.LoginPageTest" time="21.660" errors="0" timestamp="2020-06-11T09:36:05 IST" skipped="0">
  <testcase classname="com.crm.qa.testcases.LoginPageTest" name="validateloginPageTitleTest" time="3.579"/>
  <system-out/>
  <testcase classname="com.crm.qa.testcases.LoginPageTest" name="validateCRMlogotest" time="11.002"/>
  <system-out/>
  <testcase classname="com.crm.qa.testcases.LoginPageTest" name="logintest" time="7.079"/>
  <system-out/>
</testsuite> <!-- com.crm.qa.testcases.LoginPageTest -->
