<?xml version="1.0" encoding="UTF-8"?>
<!-- Generated by org.testng.reporters.JUnitReportReporter -->
<testsuite hostname="LAPTOP-HP3742QA" failures="0" tests="3" name="com.crm.qa.testcases.LoginPageTest" time="44.283" errors="0" timestamp="2020-06-09T13:07:43 IST" skipped="0">
  <testcase classname="com.crm.qa.testcases.LoginPageTest" name="validateloginPageTitleTest" time="15.866"/>
  <system-out/>
  <testcase classname="com.crm.qa.testcases.LoginPageTest" name="validateCRMlogotest" time="10.061"/>
  <system-out/>
  <testcase classname="com.crm.qa.testcases.LoginPageTest" name="logintest" time="18.356"/>
  <system-out/>
</testsuite> <!-- com.crm.qa.testcases.LoginPageTest -->
